<?xml version="1.0" encoding="utf-8"?><testsuites><testsuite name="pytest" errors="0" failures="0" skipped="0" tests="3" time="10.364" timestamp="2022-10-05T13:35:44.173436" hostname="H00DGL3-PC"><testcase classname="tests.test_HomePage.TestTwo" name="test_formSubmission[getData0]" time="2.166" /><testcase classname="tests.test_HomePage.TestTwo" name="test_formSubmission[getData1]" time="0.316" /><testcase classname="tests.test_e2e.TestOne" name="test_e2e[getData0]" time="7.836" /></testsuite></testsuites>